<?xml version="1.0" encoding="UTF-8"?>
<con:testCase id="323004b4-24cf-4a39-a17c-616bab6cf697" discardOkResults="false" failOnError="false" failTestCaseOnErrors="true" keepSession="false" name="Test Case 1" searchProperties="true" timeout="0" xmlns:con="http://eviware.com/soapui/config">
  <con:settings>
    <con:setting id="323004b4-24cf-4a39-a17c-616bab6cf697fileName">Test-Case-1</con:setting>
  </con:settings>
  <con:testStep type="restrequest" name="REST Request" id="bbd9c527-69d9-4c66-9486-da4147700d02">
    <con:settings/>
    <con:config service="booksOrderingSystem" resourcePath="/books" methodName="Request for books" xsi:type="con:RestRequestStep" xmlns:xsi="http://www.w3.org/2001/XMLSchema-instance">
      <con:restRequest name="REST Request" id="20227f12-065d-4c18-beb3-525c79e3999a" mediaType="application/json">
        <con:settings>
          <con:setting id="com.eviware.soapui.impl.wsdl.WsdlRequest@request-headers">&lt;xml-fragment/></con:setting>
        </con:settings>
        <con:endpoint>http://localhost:4321/</con:endpoint>
        <con:request/>
        <con:originalUri>http://localhost/books</con:originalUri>
        <con:assertion type="Valid HTTP Status Codes" id="24b0b4b7-e8e7-4c64-9b75-b473bdc5b94e" name="Valid HTTP Status Codes">
          <con:settings/>
          <con:configuration>
            <codes>200</codes>
          </con:configuration>
        </con:assertion>
        <con:assertion type="Response SLA Assertion" id="ee926107-aaf6-4baa-9f7d-a36241fa6771" name="Response SLA">
          <con:configuration>
            <SLA>200</SLA>
          </con:configuration>
        </con:assertion>
        <con:credentials>
          <con:selectedAuthProfile>No Authorization</con:selectedAuthProfile>
          <con:authType>No Authorization</con:authType>
        </con:credentials>
        <con:jmsConfig JMSDeliveryMode="PERSISTENT"/>
        <con:parameters/>
      </con:restRequest>
    </con:config>
  </con:testStep>
  <con:properties/>
  <con:reportParameters/>
</con:testCase>
