<?xml version="1.0" encoding="UTF-8"?>
<con:testCase id="6f38589e-769a-4312-a3ce-7cb8cf348b30" discardOkResults="false" failOnError="false" failTestCaseOnErrors="true" keepSession="false" name="Test Case 3" searchProperties="true" timeout="0" xmlns:con="http://eviware.com/soapui/config">
  <con:settings>
    <con:setting id="6f38589e-769a-4312-a3ce-7cb8cf348b30fileName">Test-Case-3</con:setting>
  </con:settings>
  <con:testStep type="restrequest" name="REST Request" id="411d3be0-a08f-4162-8d5f-7734b521d234">
    <con:settings/>
    <con:config service="booksOrderingSystem" resourcePath="/cart" methodName="Method 1" xsi:type="con:RestRequestStep" xmlns:xsi="http://www.w3.org/2001/XMLSchema-instance">
      <con:restRequest name="REST Request" id="1180e82b-23e3-4013-8da0-8cd286b81a0c" mediaType="application/json">
        <con:settings>
          <con:setting id="com.eviware.soapui.impl.wsdl.WsdlRequest@request-headers">&lt;xml-fragment/></con:setting>
        </con:settings>
        <con:endpoint>http://localhost:4321/</con:endpoint>
        <con:request/>
        <con:originalUri>http://localhost/cart;BooksId=1%2C2%2C3%2C4</con:originalUri>
        <con:assertion type="Valid HTTP Status Codes" id="26e9bb80-0deb-49d9-8482-daade9f04666" name="Valid HTTP Status Codes">
          <con:settings/>
          <con:configuration>
            <codes>200</codes>
          </con:configuration>
        </con:assertion>
        <con:assertion type="Response SLA Assertion" id="b64f8fb5-4817-41e7-b1be-07c10ed260c8" name="Response SLA">
          <con:configuration>
            <SLA>200</SLA>
          </con:configuration>
        </con:assertion>
        <con:assertion type="DataAndMetadataAssertion" id="fc7ebb68-8650-4383-8503-d733f27662b4" name="Smart Assertion">
          <con:configuration xsi:type="con:DataAndMetadataAssertion">
            <con:mode>Received Data</con:mode>
            <con:elements>
              <con:path>$[0]['id']</con:path>
              <con:element>id</con:element>
              <con:operatorId>1</con:operatorId>
              <con:enabled>true</con:enabled>
              <con:expectedValue>3</con:expectedValue>
              <con:caseSensitive>true</con:caseSensitive>
              <con:numberType>true</con:numberType>
              <con:expectedDataType>2</con:expectedDataType>
            </con:elements>
            <con:elements>
              <con:path>$[0]['name']</con:path>
              <con:element>name</con:element>
              <con:operatorId>1</con:operatorId>
              <con:enabled>true</con:enabled>
              <con:expectedValue>The Vanishing Half</con:expectedValue>
              <con:caseSensitive>true</con:caseSensitive>
              <con:numberType>false</con:numberType>
              <con:expectedDataType>1</con:expectedDataType>
            </con:elements>
            <con:elements>
              <con:path>$[0]['type']</con:path>
              <con:element>type</con:element>
              <con:operatorId>1</con:operatorId>
              <con:enabled>true</con:enabled>
              <con:expectedValue>fiction</con:expectedValue>
              <con:caseSensitive>true</con:caseSensitive>
              <con:numberType>false</con:numberType>
              <con:expectedDataType>1</con:expectedDataType>
            </con:elements>
            <con:elements>
              <con:path>$[0]['available']</con:path>
              <con:element>available</con:element>
              <con:operatorId>1</con:operatorId>
              <con:enabled>true</con:enabled>
              <con:expectedValue>true</con:expectedValue>
              <con:caseSensitive>true</con:caseSensitive>
              <con:numberType>false</con:numberType>
              <con:expectedDataType>3</con:expectedDataType>
            </con:elements>
            <con:elements>
              <con:path>$[1]['id']</con:path>
              <con:element>id</con:element>
              <con:operatorId>1</con:operatorId>
              <con:enabled>true</con:enabled>
              <con:expectedValue>7</con:expectedValue>
              <con:caseSensitive>true</con:caseSensitive>
              <con:numberType>true</con:numberType>
              <con:expectedDataType>2</con:expectedDataType>
            </con:elements>
            <con:elements>
              <con:path>$[1]['name']</con:path>
              <con:element>name</con:element>
              <con:operatorId>1</con:operatorId>
              <con:enabled>true</con:enabled>
              <con:expectedValue>The Witcher</con:expectedValue>
              <con:caseSensitive>true</con:caseSensitive>
              <con:numberType>false</con:numberType>
              <con:expectedDataType>1</con:expectedDataType>
            </con:elements>
            <con:elements>
              <con:path>$[1]['type']</con:path>
              <con:element>type</con:element>
              <con:operatorId>1</con:operatorId>
              <con:enabled>true</con:enabled>
              <con:expectedValue>fiction</con:expectedValue>
              <con:caseSensitive>true</con:caseSensitive>
              <con:numberType>false</con:numberType>
              <con:expectedDataType>1</con:expectedDataType>
            </con:elements>
            <con:elements>
              <con:path>$[1]['available']</con:path>
              <con:element>available</con:element>
              <con:operatorId>1</con:operatorId>
              <con:enabled>true</con:enabled>
              <con:expectedValue>true</con:expectedValue>
              <con:caseSensitive>true</con:caseSensitive>
              <con:numberType>false</con:numberType>
              <con:expectedDataType>3</con:expectedDataType>
            </con:elements>
            <con:originalMessage>[
       {
              "id": 3,
              "name": "The Vanishing Half",
              "type": "fiction",
              "available": true
       },
       {
              "id": 7,
              "name": "The Witcher",
              "type": "fiction",
              "available": true
       }
]</con:originalMessage>
          </con:configuration>
        </con:assertion>
        <con:credentials>
          <con:selectedAuthProfile>No Authorization</con:selectedAuthProfile>
          <con:authType>No Authorization</con:authType>
        </con:credentials>
        <con:jmsConfig JMSDeliveryMode="PERSISTENT"/>
        <con:parameters>
          <con:entry key="cartId" value="11412"/>
        </con:parameters>
        <con:parameterOrder>
          <con:entry>cartId</con:entry>
        </con:parameterOrder>
      </con:restRequest>
    </con:config>
  </con:testStep>
  <con:properties/>
  <con:reportParameters/>
</con:testCase>
