<?xml version="1.0" encoding="UTF-8"?>
<con:testCase id="0309d76a-36f7-4ab5-ac43-ea78ca041156" discardOkResults="false" failOnError="false" failTestCaseOnErrors="true" keepSession="false" name="Test Case 2" searchProperties="true" timeout="0" xmlns:con="http://eviware.com/soapui/config">
  <con:settings>
    <con:setting id="0309d76a-36f7-4ab5-ac43-ea78ca041156fileName">Test-Case-2</con:setting>
  </con:settings>
  <con:testStep type="restrequest" name="REST Request" id="32035bd6-90ef-4805-ad5e-b0e666bc44a6">
    <con:settings/>
    <con:config service="booksOrderingSystem" resourcePath="/book" methodName="Get book" xsi:type="con:RestRequestStep" xmlns:xsi="http://www.w3.org/2001/XMLSchema-instance">
      <con:restRequest name="REST Request" id="fb1d8e89-460d-46be-b8cd-ed76dfdaf926" mediaType="application/json">
        <con:settings>
          <con:setting id="com.eviware.soapui.impl.wsdl.WsdlRequest@request-headers">&lt;xml-fragment/></con:setting>
        </con:settings>
        <con:endpoint>http://localhost:4321/</con:endpoint>
        <con:request/>
        <con:originalUri>http://localhost/book</con:originalUri>
        <con:assertion type="Valid HTTP Status Codes" id="d26122ac-fa48-4c9a-bb7d-833d68919fd2" name="Valid HTTP Status Codes">
          <con:settings/>
          <con:configuration>
            <codes>200</codes>
          </con:configuration>
        </con:assertion>
        <con:assertion type="Response SLA Assertion" id="a1150ec5-8fb6-4891-b634-13ad1592cc25" name="Response SLA">
          <con:configuration>
            <SLA>200</SLA>
          </con:configuration>
        </con:assertion>
        <con:assertion type="DataAndMetadataAssertion" id="d7afb2f2-a3b2-41a5-8f82-b6801e0c9e55" name="Smart Assertion">
          <con:configuration xsi:type="con:DataAndMetadataAssertion">
            <con:mode>Received Data</con:mode>
            <con:elements>
              <con:path>$['id']</con:path>
              <con:element>id</con:element>
              <con:operatorId>1</con:operatorId>
              <con:enabled>true</con:enabled>
              <con:expectedValue>7</con:expectedValue>
              <con:caseSensitive>true</con:caseSensitive>
              <con:numberType>true</con:numberType>
              <con:expectedDataType>2</con:expectedDataType>
            </con:elements>
            <con:elements>
              <con:path>$['name']</con:path>
              <con:element>name</con:element>
              <con:operatorId>1</con:operatorId>
              <con:enabled>true</con:enabled>
              <con:expectedValue>The Witcher</con:expectedValue>
              <con:caseSensitive>true</con:caseSensitive>
              <con:numberType>false</con:numberType>
              <con:expectedDataType>1</con:expectedDataType>
            </con:elements>
            <con:elements>
              <con:path>$['type']</con:path>
              <con:element>type</con:element>
              <con:operatorId>1</con:operatorId>
              <con:enabled>true</con:enabled>
              <con:expectedValue>fiction</con:expectedValue>
              <con:caseSensitive>true</con:caseSensitive>
              <con:numberType>false</con:numberType>
              <con:expectedDataType>1</con:expectedDataType>
            </con:elements>
            <con:elements>
              <con:path>$['available']</con:path>
              <con:element>available</con:element>
              <con:operatorId>1</con:operatorId>
              <con:enabled>true</con:enabled>
              <con:expectedValue>true</con:expectedValue>
              <con:caseSensitive>true</con:caseSensitive>
              <con:numberType>false</con:numberType>
              <con:expectedDataType>3</con:expectedDataType>
            </con:elements>
            <con:originalMessage>{
       "id": 7,
       "name": "The Witcher",
       "type": "fiction",
       "available": true
}</con:originalMessage>
          </con:configuration>
        </con:assertion>
        <con:credentials>
          <con:selectedAuthProfile>No Authorization</con:selectedAuthProfile>
          <con:authType>No Authorization</con:authType>
        </con:credentials>
        <con:jmsConfig JMSDeliveryMode="PERSISTENT"/>
        <con:parameters>
          <con:entry key="bookId" value="7"/>
        </con:parameters>
      </con:restRequest>
    </con:config>
  </con:testStep>
  <con:properties/>
  <con:reportParameters/>
</con:testCase>
